<?xml version="1.0" encoding="UTF-8"?>
<!-- Generated by org.testng.reporters.JUnitXMLReporter -->
<testsuite ignored="0" hostname="Opshori" failures="0" tests="3" name="Default test" time="2.145" errors="0" timestamp="2024-09-18T22:43:47 EDT">
  <testcase classname="org.Example.PutpatchDeletExample" name="testDelete" time="1.492"/>
  <testcase classname="org.Example.PutpatchDeletExample" name="testPatch" time="0.379"/>
  <testcase classname="org.Example.PutpatchDeletExample" name="testPut" time="0.243"/>
</testsuite> <!-- Default test -->
