<?xml version="1.0" encoding="UTF-8"?>
<testng-results ignored="0" total="3" passed="3" failed="0" skipped="0">
  <reporter-output>
  </reporter-output>
  <suite started-at="2024-09-18T22:43:45 EDT" name="Default suite" finished-at="2024-09-18T22:43:47 EDT" duration-ms="2145">
    <groups>
    </groups>
    <test started-at="2024-09-18T22:43:45 EDT" name="Default test" finished-at="2024-09-18T22:43:47 EDT" duration-ms="2145">
      <class name="org.Example.PutpatchDeletExample">
        <test-method signature="testDelete()[pri:0, instance:org.Example.PutpatchDeletExample@67a20f67]" started-at="2024-09-18T22:43:45 EDT" name="testDelete" finished-at="2024-09-18T22:43:46 EDT" duration-ms="1492" status="PASS">
          <reporter-output>
          </reporter-output>
        </test-method> <!-- testDelete -->
        <test-method signature="testPatch()[pri:0, instance:org.Example.PutpatchDeletExample@67a20f67]" started-at="2024-09-18T22:43:46 EDT" name="testPatch" finished-at="2024-09-18T22:43:47 EDT" duration-ms="379" status="PASS">
          <reporter-output>
          </reporter-output>
        </test-method> <!-- testPatch -->
        <test-method signature="testPut()[pri:0, instance:org.Example.PutpatchDeletExample@67a20f67]" started-at="2024-09-18T22:43:47 EDT" name="testPut" finished-at="2024-09-18T22:43:47 EDT" duration-ms="243" status="PASS">
          <reporter-output>
          </reporter-output>
        </test-method> <!-- testPut -->
      </class> <!-- org.Example.PutpatchDeletExample -->
    </test> <!-- Default test -->
  </suite> <!-- Default suite -->
</testng-results>
